<?xml version="1.0" encoding="UTF-8"?>
<!-- Generated by org.testng.reporters.JUnitXMLReporter -->
<testsuite hostname="DESKTOP-SIHL974" ignored="0" name="Surefire test" tests="15" failures="0" timestamp="2019-05-15T10:51:27 CDT" time="506.479" errors="0">
  <testcase name="BkgConfPageTitleTest" time="0.012" classname="com.merctours.qa.testcases.BookingConfPageTest"/>
  <testcase name="FlightBkgPageTitleTest" time="0.008" classname="com.merctours.qa.testcases.FlightBookingPageTest"/>
  <testcase name="FlightSearchPageTitleTest" time="0.004" classname="com.merctours.qa.testcases.FlightSearchPageTest"/>
  <testcase name="FlightSelectionPageTitleTest" time="0.008" classname="com.merctours.qa.testcases.FlightSelectionPageTest"/>
  <testcase name="loginPageTitleTest" time="0.011" classname="com.merctours.qa.testcases.LoginPageTest"/>
  <testcase name="bkgconfmsg" time="0.074" classname="com.merctours.qa.testcases.BookingConfPageTest"/>
  <testcase name="setpassdetails" time="0.77" classname="com.merctours.qa.testcases.FlightBookingPageTest"/>
  <testcase name="setpassdetails" time="0.843" classname="com.merctours.qa.testcases.FlightBookingPageTest"/>
  <testcase name="setpassdetails" time="0.63" classname="com.merctours.qa.testcases.FlightBookingPageTest"/>
  <testcase name="setpassdetails" time="0.534" classname="com.merctours.qa.testcases.FlightBookingPageTest"/>
  <testcase name="setpassdetails" time="0.629" classname="com.merctours.qa.testcases.FlightBookingPageTest"/>
  <testcase name="searchflighttest" time="19.102" classname="com.merctours.qa.testcases.FlightSearchPageTest"/>
  <testcase name="flightseltest" time="0.499" classname="com.merctours.qa.testcases.FlightSelectionPageTest"/>
  <testcase name="loginTest" time="3.038" classname="com.merctours.qa.testcases.LoginPageTest"/>
  <testcase name="logout" time="0.616" classname="com.merctours.qa.testcases.BookingConfPageTest"/>
</testsuite> <!-- Surefire test -->
