<?xml version="1.0" encoding="UTF-8"?>
<!-- Generated by org.testng.reporters.JUnitXMLReporter -->
<testsuite hostname="DESKTOP-SIHL974" ignored="0" name="Default test" tests="2" failures="0" timestamp="15 May 2019 04:28:01 GMT" time="54.484" errors="0">
  <testcase name="FlightSearchPageTitleTest" time="0.016" classname="com.merctours.qa.testcases.FlightSearchPageTest"/>
  <testcase name="searchflighttest" time="18.627" classname="com.merctours.qa.testcases.FlightSearchPageTest"/>
</testsuite> <!-- Default test -->
