<?xml version="1.0" encoding="UTF-8"?>
<testsuite xmlns:xsi="http://www.w3.org/2001/XMLSchema-instance" xsi:noNamespaceSchemaLocation="https://maven.apache.org/surefire/maven-surefire-plugin/xsd/surefire-test-report.xsd" name="TestSuite" time="508.478" tests="15" errors="0" skipped="0" failures="0">
  <properties>
[...]
</properties>
  <testcase name="BkgConfPageTitleTest" classname="com.merctours.qa.testcases.BookingConfPageTest" time="0.014"/>
  <testcase name="FlightBkgPageTitleTest" classname="com.merctours.qa.testcases.FlightBookingPageTest" time="0.006"/>
  <testcase name="FlightSearchPageTitleTest" classname="com.merctours.qa.testcases.FlightSearchPageTest" time="0.004"/>
  <testcase name="FlightSelectionPageTitleTest" classname="com.merctours.qa.testcases.FlightSelectionPageTest" time="0.008"/>
  <testcase name="loginPageTitleTest" classname="com.merctours.qa.testcases.LoginPageTest" time="0.01"/>
  <testcase name="bkgconfmsg" classname="com.merctours.qa.testcases.BookingConfPageTest" time="0.074"/>
  <testcase name="setpassdetails" classname="com.merctours.qa.testcases.FlightBookingPageTest" time="0.769"/>
  <testcase name="setpassdetails" classname="com.merctours.qa.testcases.FlightBookingPageTest" time="0.843"/>
  <testcase name="setpassdetails" classname="com.merctours.qa.testcases.FlightBookingPageTest" time="0.629"/>
  <testcase name="setpassdetails" classname="com.merctours.qa.testcases.FlightBookingPageTest" time="0.534"/>
  <testcase name="setpassdetails" classname="com.merctours.qa.testcases.FlightBookingPageTest" time="0.628"/>
  <testcase name="searchflighttest" classname="com.merctours.qa.testcases.FlightSearchPageTest" time="19.102"/>
  <testcase name="flightseltest" classname="com.merctours.qa.testcases.FlightSelectionPageTest" time="0.498"/>
  <testcase name="loginTest" classname="com.merctours.qa.testcases.LoginPageTest" time="3"/>
  <testcase name="logout" classname="com.merctours.qa.testcases.BookingConfPageTest" time="0.615"/>
</testsuite>