<?xml version="1.0" encoding="UTF-8"?>
<testng-results skipped="0" failed="0" ignored="0" total="15" passed="15">
  <reporter-output>
  </reporter-output>
  <suite name="Mercury Tours Flight Booking Automation Suite" duration-ms="438575" started-at="2019-05-15T04:38:10Z" finished-at="2019-05-15T04:45:28Z">
    <groups>
    </groups>
    <test name="Mercury Tours Flight Booking" duration-ms="438575" started-at="2019-05-15T04:38:10Z" finished-at="2019-05-15T04:45:28Z">
      <class name="com.merctours.qa.testcases.BookingConfPageTest">
        <test-method status="PASS" signature="setUp()[pri:0, instance:com.merctours.qa.testcases.BookingConfPageTest@3d299e3]" name="setUp" is-config="true" duration-ms="31788" started-at="2019-05-15T04:39:35Z" finished-at="2019-05-15T04:40:07Z">
          <reporter-output>
          </reporter-output>
        </test-method> <!-- setUp -->
        <test-method status="PASS" signature="BkgConfPageTitleTest()[pri:1, instance:com.merctours.qa.testcases.BookingConfPageTest@3d299e3]" name="BkgConfPageTitleTest" duration-ms="11" started-at="2019-05-15T04:40:07Z" finished-at="2019-05-15T04:40:07Z">
          <reporter-output>
          </reporter-output>
        </test-method> <!-- BkgConfPageTitleTest -->
        <test-method status="PASS" signature="tearDown()[pri:0, instance:com.merctours.qa.testcases.BookingConfPageTest@3d299e3]" name="tearDown" is-config="true" duration-ms="1" started-at="2019-05-15T04:40:07Z" finished-at="2019-05-15T04:40:07Z">
          <reporter-output>
          </reporter-output>
        </test-method> <!-- tearDown -->
        <test-method status="PASS" signature="setUp()[pri:0, instance:com.merctours.qa.testcases.BookingConfPageTest@3d299e3]" name="setUp" is-config="true" duration-ms="32999" started-at="2019-05-15T04:44:21Z" finished-at="2019-05-15T04:44:54Z">
          <reporter-output>
          </reporter-output>
        </test-method> <!-- setUp -->
        <test-method status="PASS" signature="bkgconfmsg()[pri:2, instance:com.merctours.qa.testcases.BookingConfPageTest@3d299e3]" name="bkgconfmsg" duration-ms="37" started-at="2019-05-15T04:44:54Z" finished-at="2019-05-15T04:44:54Z">
          <reporter-output>
          </reporter-output>
        </test-method> <!-- bkgconfmsg -->
        <test-method status="PASS" signature="tearDown()[pri:0, instance:com.merctours.qa.testcases.BookingConfPageTest@3d299e3]" name="tearDown" is-config="true" duration-ms="1" started-at="2019-05-15T04:44:54Z" finished-at="2019-05-15T04:44:54Z">
          <reporter-output>
          </reporter-output>
        </test-method> <!-- tearDown -->
        <test-method status="PASS" signature="setUp()[pri:0, instance:com.merctours.qa.testcases.BookingConfPageTest@3d299e3]" name="setUp" is-config="true" duration-ms="34040" started-at="2019-05-15T04:44:54Z" finished-at="2019-05-15T04:45:28Z">
          <reporter-output>
          </reporter-output>
        </test-method> <!-- setUp -->
        <test-method status="PASS" signature="logout()[pri:3, instance:com.merctours.qa.testcases.BookingConfPageTest@3d299e3]" name="logout" duration-ms="730" started-at="2019-05-15T04:45:28Z" finished-at="2019-05-15T04:45:28Z">
          <reporter-output>
          </reporter-output>
        </test-method> <!-- logout -->
        <test-method status="PASS" signature="tearDown()[pri:0, instance:com.merctours.qa.testcases.BookingConfPageTest@3d299e3]" name="tearDown" is-config="true" duration-ms="0" started-at="2019-05-15T04:45:28Z" finished-at="2019-05-15T04:45:28Z">
          <reporter-output>
          </reporter-output>
        </test-method> <!-- tearDown -->
      </class> <!-- com.merctours.qa.testcases.BookingConfPageTest -->
      <class name="com.merctours.qa.testcases.FlightSelectionPageTest">
        <test-method status="PASS" signature="setUp()[pri:0, instance:com.merctours.qa.testcases.FlightSelectionPageTest@5906ebcb]" name="setUp" is-config="true" duration-ms="29437" started-at="2019-05-15T04:38:33Z" finished-at="2019-05-15T04:39:02Z">
          <reporter-output>
          </reporter-output>
        </test-method> <!-- setUp -->
        <test-method status="PASS" signature="FlightSelectionPageTitleTest()[pri:1, instance:com.merctours.qa.testcases.FlightSelectionPageTest@5906ebcb]" name="FlightSelectionPageTitleTest" duration-ms="12" started-at="2019-05-15T04:39:02Z" finished-at="2019-05-15T04:39:02Z">
          <reporter-output>
          </reporter-output>
        </test-method> <!-- FlightSelectionPageTitleTest -->
        <test-method status="PASS" signature="tearDown()[pri:0, instance:com.merctours.qa.testcases.FlightSelectionPageTest@5906ebcb]" name="tearDown" is-config="true" duration-ms="0" started-at="2019-05-15T04:39:02Z" finished-at="2019-05-15T04:39:02Z">
          <reporter-output>
          </reporter-output>
        </test-method> <!-- tearDown -->
        <test-method status="PASS" signature="setUp()[pri:0, instance:com.merctours.qa.testcases.FlightSelectionPageTest@5906ebcb]" name="setUp" is-config="true" duration-ms="31691" started-at="2019-05-15T04:40:50Z" finished-at="2019-05-15T04:41:22Z">
          <reporter-output>
          </reporter-output>
        </test-method> <!-- setUp -->
        <test-method status="PASS" signature="flightseltest()[pri:2, instance:com.merctours.qa.testcases.FlightSelectionPageTest@5906ebcb]" name="flightseltest" duration-ms="1375" started-at="2019-05-15T04:41:22Z" finished-at="2019-05-15T04:41:23Z">
          <reporter-output>
          </reporter-output>
        </test-method> <!-- flightseltest -->
        <test-method status="PASS" signature="tearDown()[pri:0, instance:com.merctours.qa.testcases.FlightSelectionPageTest@5906ebcb]" name="tearDown" is-config="true" duration-ms="1" started-at="2019-05-15T04:41:23Z" finished-at="2019-05-15T04:41:23Z">
          <reporter-output>
          </reporter-output>
        </test-method> <!-- tearDown -->
      </class> <!-- com.merctours.qa.testcases.FlightSelectionPageTest -->
      <class name="com.merctours.qa.testcases.LoginPageTest">
        <test-method status="PASS" signature="setUp()[pri:0, instance:com.merctours.qa.testcases.LoginPageTest@6b419da]" name="setUp" is-config="true" duration-ms="9331" started-at="2019-05-15T04:38:10Z" finished-at="2019-05-15T04:38:19Z">
          <reporter-output>
          </reporter-output>
        </test-method> <!-- setUp -->
        <test-method status="PASS" signature="loginPageTitleTest()[pri:1, instance:com.merctours.qa.testcases.LoginPageTest@6b419da]" name="loginPageTitleTest" duration-ms="79" started-at="2019-05-15T04:38:19Z" finished-at="2019-05-15T04:38:19Z">
          <reporter-output>
          </reporter-output>
        </test-method> <!-- loginPageTitleTest -->
        <test-method status="PASS" signature="tearDown()[pri:0, instance:com.merctours.qa.testcases.LoginPageTest@6b419da]" name="tearDown" is-config="true" duration-ms="0" started-at="2019-05-15T04:38:19Z" finished-at="2019-05-15T04:38:19Z">
          <reporter-output>
          </reporter-output>
        </test-method> <!-- tearDown -->
        <test-method status="PASS" signature="setUp()[pri:0, instance:com.merctours.qa.testcases.LoginPageTest@6b419da]" name="setUp" is-config="true" duration-ms="8943" started-at="2019-05-15T04:40:07Z" finished-at="2019-05-15T04:40:16Z">
          <reporter-output>
          </reporter-output>
        </test-method> <!-- setUp -->
        <test-method status="PASS" signature="loginTest()[pri:2, instance:com.merctours.qa.testcases.LoginPageTest@6b419da]" name="loginTest" duration-ms="2573" started-at="2019-05-15T04:40:16Z" finished-at="2019-05-15T04:40:18Z">
          <reporter-output>
          </reporter-output>
        </test-method> <!-- loginTest -->
        <test-method status="PASS" signature="tearDown()[pri:0, instance:com.merctours.qa.testcases.LoginPageTest@6b419da]" name="tearDown" is-config="true" duration-ms="1" started-at="2019-05-15T04:40:18Z" finished-at="2019-05-15T04:40:18Z">
          <reporter-output>
          </reporter-output>
        </test-method> <!-- tearDown -->
      </class> <!-- com.merctours.qa.testcases.LoginPageTest -->
      <class name="com.merctours.qa.testcases.FlightBookingPageTest">
        <test-method status="PASS" signature="setUp()[pri:0, instance:com.merctours.qa.testcases.FlightBookingPageTest@258e2e41]" name="setUp" is-config="true" duration-ms="32696" started-at="2019-05-15T04:39:02Z" finished-at="2019-05-15T04:39:35Z">
          <reporter-output>
          </reporter-output>
        </test-method> <!-- setUp -->
        <test-method status="PASS" signature="FlightBkgPageTitleTest()[pri:1, instance:com.merctours.qa.testcases.FlightBookingPageTest@258e2e41]" name="FlightBkgPageTitleTest" duration-ms="9" started-at="2019-05-15T04:39:35Z" finished-at="2019-05-15T04:39:35Z">
          <reporter-output>
          </reporter-output>
        </test-method> <!-- FlightBkgPageTitleTest -->
        <test-method status="PASS" signature="tearDown()[pri:0, instance:com.merctours.qa.testcases.FlightBookingPageTest@258e2e41]" name="tearDown" is-config="true" duration-ms="0" started-at="2019-05-15T04:39:35Z" finished-at="2019-05-15T04:39:35Z">
          <reporter-output>
          </reporter-output>
        </test-method> <!-- tearDown -->
        <test-method status="PASS" signature="setUp()[pri:0, instance:com.merctours.qa.testcases.FlightBookingPageTest@258e2e41]" name="setUp" is-config="true" duration-ms="34224" started-at="2019-05-15T04:41:25Z" finished-at="2019-05-15T04:41:59Z">
          <reporter-output>
          </reporter-output>
        </test-method> <!-- setUp -->
        <test-method status="PASS" signature="setpassdetails(java.lang.String, java.lang.String, java.lang.String)[pri:2, instance:com.merctours.qa.testcases.FlightBookingPageTest@258e2e41]" name="setpassdetails" duration-ms="1122" started-at="2019-05-15T04:41:59Z" data-provider="getTestData" finished-at="2019-05-15T04:42:00Z">
          <params>
            <param index="0">
              <value>
                <![CDATA[Zach]]>
              </value>
            </param>
            <param index="1">
              <value>
                <![CDATA[Benedict]]>
              </value>
            </param>
            <param index="2">
              <value>
                <![CDATA[4.88484443393884E15]]>
              </value>
            </param>
          </params>
          <reporter-output>
          </reporter-output>
        </test-method> <!-- setpassdetails -->
        <test-method status="PASS" signature="tearDown()[pri:0, instance:com.merctours.qa.testcases.FlightBookingPageTest@258e2e41]" name="tearDown" is-config="true" duration-ms="0" started-at="2019-05-15T04:42:00Z" finished-at="2019-05-15T04:42:00Z">
          <reporter-output>
          </reporter-output>
        </test-method> <!-- tearDown -->
        <test-method status="PASS" signature="setUp()[pri:0, instance:com.merctours.qa.testcases.FlightBookingPageTest@258e2e41]" name="setUp" is-config="true" duration-ms="32194" started-at="2019-05-15T04:42:00Z" finished-at="2019-05-15T04:42:32Z">
          <reporter-output>
          </reporter-output>
        </test-method> <!-- setUp -->
        <test-method status="PASS" signature="setpassdetails(java.lang.String, java.lang.String, java.lang.String)[pri:2, instance:com.merctours.qa.testcases.FlightBookingPageTest@258e2e41]" name="setpassdetails" duration-ms="747" started-at="2019-05-15T04:42:32Z" data-provider="getTestData" finished-at="2019-05-15T04:42:33Z">
          <params>
            <param index="0">
              <value>
                <![CDATA[Matt]]>
              </value>
            </param>
            <param index="1">
              <value>
                <![CDATA[Farrel]]>
              </value>
            </param>
            <param index="2">
              <value>
                <![CDATA[4.56738383838383E15]]>
              </value>
            </param>
          </params>
          <reporter-output>
          </reporter-output>
        </test-method> <!-- setpassdetails -->
        <test-method status="PASS" signature="tearDown()[pri:0, instance:com.merctours.qa.testcases.FlightBookingPageTest@258e2e41]" name="tearDown" is-config="true" duration-ms="0" started-at="2019-05-15T04:42:33Z" finished-at="2019-05-15T04:42:33Z">
          <reporter-output>
          </reporter-output>
        </test-method> <!-- tearDown -->
        <test-method status="PASS" signature="setUp()[pri:0, instance:com.merctours.qa.testcases.FlightBookingPageTest@258e2e41]" name="setUp" is-config="true" duration-ms="39233" started-at="2019-05-15T04:42:33Z" finished-at="2019-05-15T04:43:12Z">
          <reporter-output>
          </reporter-output>
        </test-method> <!-- setUp -->
        <test-method status="PASS" signature="setpassdetails(java.lang.String, java.lang.String, java.lang.String)[pri:2, instance:com.merctours.qa.testcases.FlightBookingPageTest@258e2e41]" name="setpassdetails" duration-ms="806" started-at="2019-05-15T04:43:12Z" data-provider="getTestData" finished-at="2019-05-15T04:43:13Z">
          <params>
            <param index="0">
              <value>
                <![CDATA[Ian]]>
              </value>
            </param>
            <param index="1">
              <value>
                <![CDATA[Thornton]]>
              </value>
            </param>
            <param index="2">
              <value>
                <![CDATA[8.38392092020202E15]]>
              </value>
            </param>
          </params>
          <reporter-output>
          </reporter-output>
        </test-method> <!-- setpassdetails -->
        <test-method status="PASS" signature="tearDown()[pri:0, instance:com.merctours.qa.testcases.FlightBookingPageTest@258e2e41]" name="tearDown" is-config="true" duration-ms="0" started-at="2019-05-15T04:43:13Z" finished-at="2019-05-15T04:43:13Z">
          <reporter-output>
          </reporter-output>
        </test-method> <!-- tearDown -->
        <test-method status="PASS" signature="setUp()[pri:0, instance:com.merctours.qa.testcases.FlightBookingPageTest@258e2e41]" name="setUp" is-config="true" duration-ms="31447" started-at="2019-05-15T04:43:13Z" finished-at="2019-05-15T04:43:45Z">
          <reporter-output>
          </reporter-output>
        </test-method> <!-- setUp -->
        <test-method status="PASS" signature="setpassdetails(java.lang.String, java.lang.String, java.lang.String)[pri:2, instance:com.merctours.qa.testcases.FlightBookingPageTest@258e2e41]" name="setpassdetails" duration-ms="1128" started-at="2019-05-15T04:43:45Z" data-provider="getTestData" finished-at="2019-05-15T04:43:46Z">
          <params>
            <param index="0">
              <value>
                <![CDATA[Elizabeth]]>
              </value>
            </param>
            <param index="1">
              <value>
                <![CDATA[Cameron]]>
              </value>
            </param>
            <param index="2">
              <value>
                <![CDATA[9.39393939393939E15]]>
              </value>
            </param>
          </params>
          <reporter-output>
          </reporter-output>
        </test-method> <!-- setpassdetails -->
        <test-method status="PASS" signature="tearDown()[pri:0, instance:com.merctours.qa.testcases.FlightBookingPageTest@258e2e41]" name="tearDown" is-config="true" duration-ms="0" started-at="2019-05-15T04:43:46Z" finished-at="2019-05-15T04:43:46Z">
          <reporter-output>
          </reporter-output>
        </test-method> <!-- tearDown -->
        <test-method status="PASS" signature="setUp()[pri:0, instance:com.merctours.qa.testcases.FlightBookingPageTest@258e2e41]" name="setUp" is-config="true" duration-ms="33800" started-at="2019-05-15T04:43:46Z" finished-at="2019-05-15T04:44:20Z">
          <reporter-output>
          </reporter-output>
        </test-method> <!-- setUp -->
        <test-method status="PASS" signature="setpassdetails(java.lang.String, java.lang.String, java.lang.String)[pri:2, instance:com.merctours.qa.testcases.FlightBookingPageTest@258e2e41]" name="setpassdetails" duration-ms="966" started-at="2019-05-15T04:44:20Z" data-provider="getTestData" finished-at="2019-05-15T04:44:21Z">
          <params>
            <param index="0">
              <value>
                <![CDATA[Kristi]]>
              </value>
            </param>
            <param index="1">
              <value>
                <![CDATA[Sullivan]]>
              </value>
            </param>
            <param index="2">
              <value>
                <![CDATA[8.38388494474282E15]]>
              </value>
            </param>
          </params>
          <reporter-output>
          </reporter-output>
        </test-method> <!-- setpassdetails -->
        <test-method status="PASS" signature="tearDown()[pri:0, instance:com.merctours.qa.testcases.FlightBookingPageTest@258e2e41]" name="tearDown" is-config="true" duration-ms="0" started-at="2019-05-15T04:44:21Z" finished-at="2019-05-15T04:44:21Z">
          <reporter-output>
          </reporter-output>
        </test-method> <!-- tearDown -->
      </class> <!-- com.merctours.qa.testcases.FlightBookingPageTest -->
      <class name="com.merctours.qa.testcases.FlightSearchPageTest">
        <test-method status="PASS" signature="setUp()[pri:0, instance:com.merctours.qa.testcases.FlightSearchPageTest@3b2da18f]" name="setUp" is-config="true" duration-ms="13389" started-at="2019-05-15T04:38:19Z" finished-at="2019-05-15T04:38:33Z">
          <reporter-output>
          </reporter-output>
        </test-method> <!-- setUp -->
        <test-method status="PASS" signature="FlightSearchPageTitleTest()[pri:1, instance:com.merctours.qa.testcases.FlightSearchPageTest@3b2da18f]" name="FlightSearchPageTitleTest" duration-ms="8" started-at="2019-05-15T04:38:33Z" finished-at="2019-05-15T04:38:33Z">
          <reporter-output>
          </reporter-output>
        </test-method> <!-- FlightSearchPageTitleTest -->
        <test-method status="PASS" signature="tearDown()[pri:0, instance:com.merctours.qa.testcases.FlightSearchPageTest@3b2da18f]" name="tearDown" is-config="true" duration-ms="0" started-at="2019-05-15T04:38:33Z" finished-at="2019-05-15T04:38:33Z">
          <reporter-output>
          </reporter-output>
        </test-method> <!-- tearDown -->
        <test-method status="PASS" signature="setUp()[pri:0, instance:com.merctours.qa.testcases.FlightSearchPageTest@3b2da18f]" name="setUp" is-config="true" duration-ms="13885" started-at="2019-05-15T04:40:18Z" finished-at="2019-05-15T04:40:32Z">
          <reporter-output>
          </reporter-output>
        </test-method> <!-- setUp -->
        <test-method status="PASS" signature="searchflighttest()[pri:2, instance:com.merctours.qa.testcases.FlightSearchPageTest@3b2da18f]" name="searchflighttest" duration-ms="18145" started-at="2019-05-15T04:40:32Z" finished-at="2019-05-15T04:40:50Z">
          <reporter-output>
          </reporter-output>
        </test-method> <!-- searchflighttest -->
        <test-method status="PASS" signature="tearDown()[pri:0, instance:com.merctours.qa.testcases.FlightSearchPageTest@3b2da18f]" name="tearDown" is-config="true" duration-ms="0" started-at="2019-05-15T04:40:50Z" finished-at="2019-05-15T04:40:50Z">
          <reporter-output>
          </reporter-output>
        </test-method> <!-- tearDown -->
      </class> <!-- com.merctours.qa.testcases.FlightSearchPageTest -->
    </test> <!-- Mercury Tours Flight Booking -->
  </suite> <!-- Mercury Tours Flight Booking Automation Suite -->
</testng-results>
