<?xml version="1.0" encoding="UTF-8"?>
<testng-results skipped="0" failed="0" ignored="0" total="2" passed="2">
  <reporter-output>
  </reporter-output>
  <suite name="Default suite" duration-ms="33375" started-at="2019-05-16T18:00:33Z" finished-at="2019-05-16T18:01:07Z">
    <groups>
    </groups>
    <test name="Default test" duration-ms="33375" started-at="2019-05-16T18:00:33Z" finished-at="2019-05-16T18:01:07Z">
      <class name="com.merctours.qa.testcases.LoginPageTest">
        <test-method status="PASS" signature="setUp()[pri:0, instance:com.merctours.qa.testcases.LoginPageTest@7b49cea0]" name="setUp" is-config="true" duration-ms="11496" started-at="2019-05-16T18:00:34Z" finished-at="2019-05-16T18:00:45Z">
          <reporter-output>
          </reporter-output>
        </test-method> <!-- setUp -->
        <test-method status="PASS" signature="loginPageTitleTest()[pri:1, instance:com.merctours.qa.testcases.LoginPageTest@7b49cea0]" name="loginPageTitleTest" duration-ms="405" started-at="2019-05-16T18:00:45Z" finished-at="2019-05-16T18:00:45Z">
          <reporter-output>
          </reporter-output>
        </test-method> <!-- loginPageTitleTest -->
        <test-method status="PASS" signature="tearDown()[pri:0, instance:com.merctours.qa.testcases.LoginPageTest@7b49cea0]" name="tearDown" is-config="true" duration-ms="2986" started-at="2019-05-16T18:00:45Z" finished-at="2019-05-16T18:00:48Z">
          <reporter-output>
          </reporter-output>
        </test-method> <!-- tearDown -->
        <test-method status="PASS" signature="setUp()[pri:0, instance:com.merctours.qa.testcases.LoginPageTest@7b49cea0]" name="setUp" is-config="true" duration-ms="9710" started-at="2019-05-16T18:00:48Z" finished-at="2019-05-16T18:00:58Z">
          <reporter-output>
          </reporter-output>
        </test-method> <!-- setUp -->
        <test-method status="PASS" signature="loginTest()[pri:2, instance:com.merctours.qa.testcases.LoginPageTest@7b49cea0]" name="loginTest" duration-ms="2419" started-at="2019-05-16T18:00:58Z" finished-at="2019-05-16T18:01:01Z">
          <reporter-output>
          </reporter-output>
        </test-method> <!-- loginTest -->
        <test-method status="PASS" signature="tearDown()[pri:0, instance:com.merctours.qa.testcases.LoginPageTest@7b49cea0]" name="tearDown" is-config="true" duration-ms="6284" started-at="2019-05-16T18:01:01Z" finished-at="2019-05-16T18:01:07Z">
          <reporter-output>
          </reporter-output>
        </test-method> <!-- tearDown -->
      </class> <!-- com.merctours.qa.testcases.LoginPageTest -->
    </test> <!-- Default test -->
  </suite> <!-- Default suite -->
</testng-results>
