<?xml version="1.0" encoding="UTF-8"?>
<!-- Generated by org.testng.reporters.JUnitXMLReporter -->
<testsuite hostname="DESKTOP-SIHL974" ignored="0" name="Mercury Tours Flight Booking" tests="15" failures="0" timestamp="15 May 2019 04:45:29 GMT" time="438.575" errors="0">
  <testcase name="loginPageTitleTest" time="0.079" classname="com.merctours.qa.testcases.LoginPageTest"/>
  <testcase name="FlightSearchPageTitleTest" time="0.008" classname="com.merctours.qa.testcases.FlightSearchPageTest"/>
  <testcase name="FlightSelectionPageTitleTest" time="0.012" classname="com.merctours.qa.testcases.FlightSelectionPageTest"/>
  <testcase name="FlightBkgPageTitleTest" time="0.009" classname="com.merctours.qa.testcases.FlightBookingPageTest"/>
  <testcase name="BkgConfPageTitleTest" time="0.011" classname="com.merctours.qa.testcases.BookingConfPageTest"/>
  <testcase name="loginTest" time="2.573" classname="com.merctours.qa.testcases.LoginPageTest"/>
  <testcase name="searchflighttest" time="18.145" classname="com.merctours.qa.testcases.FlightSearchPageTest"/>
  <testcase name="flightseltest" time="1.375" classname="com.merctours.qa.testcases.FlightSelectionPageTest"/>
  <testcase name="setpassdetails" time="1.122" classname="com.merctours.qa.testcases.FlightBookingPageTest"/>
  <testcase name="setpassdetails" time="0.747" classname="com.merctours.qa.testcases.FlightBookingPageTest"/>
  <testcase name="setpassdetails" time="0.806" classname="com.merctours.qa.testcases.FlightBookingPageTest"/>
  <testcase name="setpassdetails" time="1.128" classname="com.merctours.qa.testcases.FlightBookingPageTest"/>
  <testcase name="setpassdetails" time="0.966" classname="com.merctours.qa.testcases.FlightBookingPageTest"/>
  <testcase name="bkgconfmsg" time="0.037" classname="com.merctours.qa.testcases.BookingConfPageTest"/>
  <testcase name="logout" time="0.73" classname="com.merctours.qa.testcases.BookingConfPageTest"/>
</testsuite> <!-- Mercury Tours Flight Booking -->
